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
CUDA available: True
`torch_dtype` is deprecated! Use `dtype` instead!
Loading checkpoint shards:   0%|          | 0/2 [00:00<?, ?it/s]Loading checkpoint shards:  50%|█████     | 1/2 [01:05<01:05, 65.97s/it]Loading checkpoint shards: 100%|██████████| 2/2 [01:17<00:00, 34.09s/it]Loading checkpoint shards: 100%|██████████| 2/2 [01:17<00:00, 38.88s/it]
The following generation flags are not valid and may be ignored: ['top_k']. Set `TRANSFORMERS_VERBOSITY=info` for more details.
This is a friendly reminder - the current text generation call has exceeded the model's predefined maximum length (4096). Depending on the model, you may observe exceptions, performance degradation, or nothing at all.
[]
STS-B Pearson: -0.020195729242744202
 The metrics for car_summary Metrics → Pearson: -0.0202, MAE: 88.3728, RMSE: 409.3612
test finished
Done

============================= JOB FEEDBACK =============================

NodeName=uc3n075
Job ID: 3863520
Cluster: uc3
User/Group: ul_swv79/ul_student
State: COMPLETED (exit code 0)
Nodes: 1
Cores per node: 8
CPU Utilized: 04:20:11
CPU Efficiency: 12.34% of 1-11:08:48 core-walltime
Job Wall-clock time: 04:23:36
Memory Utilized: 3.39 GB
Memory Efficiency: 5.30% of 64.00 GB (64.00 GB/node)
