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
CUDA available: True
`torch_dtype` is deprecated! Use `dtype` instead!
Loading checkpoint shards:   0%|          | 0/2 [00:00<?, ?it/s]Loading checkpoint shards:  50%|█████     | 1/2 [00:43<00:43, 43.52s/it]Loading checkpoint shards: 100%|██████████| 2/2 [00:58<00:00, 26.93s/it]Loading checkpoint shards: 100%|██████████| 2/2 [00:58<00:00, 29.42s/it]
The following generation flags are not valid and may be ignored: ['top_k']. Set `TRANSFORMERS_VERBOSITY=info` for more details.
[]
STS-B Pearson: 0.013805000003207293
 The metrics for car_combined Metrics → Pearson: 0.0138, MAE: 22.0323, RMSE: 42.7291, spearman: -0.0107
test finished
Done

============================= JOB FEEDBACK =============================

NodeName=uc2n915
Job ID: 3893448
Cluster: uc3
User/Group: ul_swv79/ul_student
State: COMPLETED (exit code 0)
Nodes: 1
Cores per node: 8
CPU Utilized: 02:40:16
CPU Efficiency: 12.17% of 21:56:32 core-walltime
Job Wall-clock time: 02:44:34
Memory Utilized: 8.54 GB
Memory Efficiency: 13.34% of 64.00 GB (64.00 GB/node)
