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
CUDA available: True
`torch_dtype` is deprecated! Use `dtype` instead!
`torch_dtype` is deprecated! Use `dtype` instead!
Loading checkpoint shards:   0%|          | 0/2 [00:00<?, ?it/s]Loading checkpoint shards:   0%|          | 0/2 [00:00<?, ?it/s]Loading checkpoint shards:  50%|█████     | 1/2 [01:03<01:03, 63.65s/it]Loading checkpoint shards:  50%|█████     | 1/2 [01:03<01:03, 63.65s/it]Loading checkpoint shards: 100%|██████████| 2/2 [01:24<00:00, 38.59s/it]Loading checkpoint shards: 100%|██████████| 2/2 [01:24<00:00, 38.59s/it]Loading checkpoint shards: 100%|██████████| 2/2 [01:24<00:00, 42.35s/it]
Loading checkpoint shards: 100%|██████████| 2/2 [01:24<00:00, 42.35s/it]
The following generation flags are not valid and may be ignored: ['top_k']. Set `TRANSFORMERS_VERBOSITY=info` for more details.
The following generation flags are not valid and may be ignored: ['top_k']. Set `TRANSFORMERS_VERBOSITY=info` for more details.
[]
STS-B Pearson: -0.048633346362094494
 The metrics for car_combined_eu Metrics → Pearson: -0.0486, MAE: 94.8672, RMSE: 418.2268
test finished
[]
STS-B Pearson: 0.013898719751302867
 The metrics for car_combined_us Metrics → Pearson: 0.0139, MAE: 6910850034554250240.0000, RMSE: 262884956483900964864.0000
test finished
Done

============================= JOB FEEDBACK =============================

NodeName=uc2n906
Job ID: 3872475
Cluster: uc3
User/Group: ul_swv79/ul_student
State: COMPLETED (exit code 0)
Nodes: 1
Cores per node: 8
CPU Utilized: 04:30:41
CPU Efficiency: 23.85% of 18:55:04 core-walltime
Job Wall-clock time: 02:21:53
Memory Utilized: 7.03 GB
Memory Efficiency: 21.96% of 32.00 GB (32.00 GB/node)
