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
CUDA available: True
`torch_dtype` is deprecated! Use `dtype` instead!
Loading checkpoint shards:   0%|          | 0/2 [00:00<?, ?it/s]Loading checkpoint shards:  50%|█████     | 1/2 [00:46<00:46, 46.02s/it]Loading checkpoint shards: 100%|██████████| 2/2 [01:02<00:00, 28.87s/it]Loading checkpoint shards: 100%|██████████| 2/2 [01:02<00:00, 31.45s/it]
The following generation flags are not valid and may be ignored: ['top_k']. Set `TRANSFORMERS_VERBOSITY=info` for more details.
This is a friendly reminder - the current text generation call has exceeded the model's predefined maximum length (4096). Depending on the model, you may observe exceptions, performance degradation, or nothing at all.
[]
 The metrics for sentiment Accuracy: 0.6115, Precision: 0.6112, Recall: 1.0000, F1: 0.7587
test finished
Done

============================= JOB FEEDBACK =============================

NodeName=uc2n910
Job ID: 3862673
Cluster: uc3
User/Group: ul_swv79/ul_student
State: COMPLETED (exit code 0)
Nodes: 1
Cores per node: 8
CPU Utilized: 14:57:26
CPU Efficiency: 12.39% of 5-00:41:12 core-walltime
Job Wall-clock time: 15:05:09
Memory Utilized: 8.93 GB
Memory Efficiency: 27.89% of 32.00 GB (32.00 GB/node)
